<?xml version="1.0" encoding="UTF-8"?>
<!-- Generated by org.testng.reporters.JUnitReportReporter -->
<testsuite hostname="MONO-HYD-LAP-12" name="andriod_emulatorExamples.TextBox_CheckBox_Example" tests="1" failures="0" timestamp="10 Oct 2019 11:05:20 GMT" time="39.024" errors="0">
  <testcase name="f" time="39.024" classname="andriod_emulatorExamples.TextBox_CheckBox_Example"/>
</testsuite> <!-- andriod_emulatorExamples.TextBox_CheckBox_Example -->
