<?xml version="1.0" encoding="UTF-8"?>
<!-- Generated by org.testng.reporters.JUnitReportReporter -->
<testsuite skipped="0" hostname="LAPTOP-D0CIFDTL" name="andriod_emulatorExamples.LaunchChromeBrowser" tests="1" failures="0" timestamp="2022-11-04T19:33:21 IST" time="11.345" errors="0">
  <testcase name="setup" time="11.345" classname="andriod_emulatorExamples.LaunchChromeBrowser"/>
  <system-out/>
</testsuite> <!-- andriod_emulatorExamples.LaunchChromeBrowser -->
