<?xml version="1.0" encoding="UTF-8"?>
<!-- Generated by org.testng.reporters.JUnitReportReporter -->
<testsuite hostname="MONO-HYD-LAP-12" name="andriod_emulatorExamples.SendingSms" tests="1" failures="0" timestamp="7 Oct 2019 07:40:41 GMT" time="34.814" errors="0">
  <testcase name="f" time="34.814" classname="andriod_emulatorExamples.SendingSms"/>
</testsuite> <!-- andriod_emulatorExamples.SendingSms -->
