<?xml version="1.0" encoding="UTF-8"?>
<!-- Generated by org.testng.reporters.JUnitReportReporter -->
<testsuite hostname="MONO-HYD-LAP-12" name="andriod_emulatorExamples.VerticalSwipeExample" tests="1" failures="0" timestamp="9 Nov 2019 07:23:43 GMT" time="29.130" errors="0">
  <testcase name="f" time="29.130" classname="andriod_emulatorExamples.VerticalSwipeExample"/>
</testsuite> <!-- andriod_emulatorExamples.VerticalSwipeExample -->
