<?xml version="1.0" encoding="UTF-8"?>
<!-- Generated by org.testng.reporters.JUnitReportReporter -->
<testsuite skipped="0" hostname="LAPTOP-D0CIFDTL" name="andriod_emulatorExamples.HorizontalScroll" tests="1" failures="0" timestamp="2022-11-04T20:23:52 IST" time="35.853" errors="0">
  <testcase name="f" time="35.853" classname="andriod_emulatorExamples.HorizontalScroll"/>
  <system-out/>
</testsuite> <!-- andriod_emulatorExamples.HorizontalScroll -->
