<?xml version="1.0" encoding="UTF-8"?>
<!-- Generated by org.testng.reporters.JUnitReportReporter -->
<testsuite skipped="0" hostname="LAPTOP-D0CIFDTL" name="andriod_emulatorExamples.ExampleInstallAppAndroidEmulator" tests="1" failures="0" timestamp="2022-11-04T20:17:44 IST" time="13.713" errors="0">
  <testcase name="f" time="13.713" classname="andriod_emulatorExamples.ExampleInstallAppAndroidEmulator"/>
  <system-out/>
</testsuite> <!-- andriod_emulatorExamples.ExampleInstallAppAndroidEmulator -->
