<?xml version="1.0" encoding="UTF-8"?>
<!-- Generated by org.testng.reporters.JUnitReportReporter -->
<testsuite hostname="MONO-HYD-LAP-12" name="andriod_emulatorExamples.VerticalScroll" tests="1" failures="0" timestamp="9 Oct 2019 13:28:05 GMT" time="40.944" errors="0">
  <testcase name="f" time="40.944" classname="andriod_emulatorExamples.VerticalScroll"/>
</testsuite> <!-- andriod_emulatorExamples.VerticalScroll -->
