<?xml version="1.0" encoding="UTF-8"?>
<!-- Generated by org.testng.reporters.JUnitReportReporter -->
<testsuite hostname="MONO-HYD-LAP-12" name="andriod_emulatorExamples.DragAndDrop" tests="1" failures="0" timestamp="5 Nov 2019 11:30:21 GMT" time="18.237" errors="0">
  <testcase name="f" time="18.237" classname="andriod_emulatorExamples.DragAndDrop"/>
</testsuite> <!-- andriod_emulatorExamples.DragAndDrop -->
