<?xml version="1.0" encoding="UTF-8"?>
<!-- Generated by org.testng.reporters.JUnitReportReporter -->
<testsuite hostname="MONO-HYD-LAP-12" name="andriod_emulatorExamples.HorizontalSwipe2" tests="1" failures="0" timestamp="9 Nov 2019 07:58:03 GMT" time="33.554" errors="0">
  <testcase name="f" time="33.554" classname="andriod_emulatorExamples.HorizontalSwipe2"/>
</testsuite> <!-- andriod_emulatorExamples.HorizontalSwipe2 -->
