<?xml version="1.0" encoding="UTF-8"?>
<!-- Generated by org.testng.reporters.JUnitReportReporter -->
<testsuite skipped="0" hostname="LAPTOP-D0CIFDTL" name="andriod_emulatorExamples.HorizontalSwipe" tests="1" failures="0" timestamp="2022-11-04T20:41:30 IST" time="34.902" errors="0">
  <testcase name="f" time="34.902" classname="andriod_emulatorExamples.HorizontalSwipe"/>
  <system-out/>
</testsuite> <!-- andriod_emulatorExamples.HorizontalSwipe -->
