<?xml version="1.0" encoding="UTF-8"?>
<!-- Generated by org.testng.reporters.JUnitReportReporter -->
<testsuite hostname="MONO-HYD-LAP-12" name="andriod_emulatorExamples.DialNumber2" tests="1" failures="0" timestamp="31 Jan 2020 13:29:29 GMT" time="24.789" errors="0">
  <testcase name="f" time="24.789" classname="andriod_emulatorExamples.DialNumber2"/>
</testsuite> <!-- andriod_emulatorExamples.DialNumber2 -->
