<?xml version="1.0" encoding="UTF-8"?>
<!-- Generated by org.testng.reporters.JUnitReportReporter -->
<testsuite skipped="0" hostname="LAPTOP-D0CIFDTL" name="andriod_emulatorExamples.DialNumber" tests="1" failures="0" timestamp="2022-11-04T17:43:08 IST" time="29.174" errors="0">
  <testcase name="f" time="29.174" classname="andriod_emulatorExamples.DialNumber"/>
  <system-out/>
</testsuite> <!-- andriod_emulatorExamples.DialNumber -->
